# JRE version: OpenJDK Runtime Environment Temurin-17.0.8.1+1 (17.0.8.1+1) (build 17.0.8.1+1)
# Java VM: OpenJDK 64-Bit Server VM Temurin-17.0.8.1+1 (17.0.8.1+1, mixed mode, tiered, compressed oops, compressed class ptrs, parallel gc, windows-amd64)
GC Precious Log:
 CPUs: 4 total, 4 available
 Memory: 12156M
 Large Page Support: Disabled
 NUMA Support: Disabled
 Compressed Oops: Enabled (32-bit)
 Alignments: Space 512K, Generation 512K, Heap 2M
 Heap Min Capacity: 100M
 Heap Initial Capacity: 100M
 Heap Max Capacity: 1G
 Pre-touch: Disabled
 Parallel Workers: 4
Heap:
 PSYoungGen      total 4096K, used 2700K [0x00000000eab00000, 0x00000000eb080000, 0x0000000100000000)
  eden space 2560K, 71% used [0x00000000eab00000,0x00000000eacc7020,0x00000000ead80000)
  from space 1536K, 57% used [0x00000000eae00000,0x00000000eaedc010,0x00000000eaf80000)
  to   space 1024K, 0% used [0x00000000eaf80000,0x00000000eaf80000,0x00000000eb080000)
 ParOldGen       total 177152K, used 173222K [0x00000000c0000000, 0x00000000cad00000, 0x00000000eab00000)
  object space 177152K, 97% used [0x00000000c0000000,0x00000000ca9299f0,0x00000000cad00000)
 Metaspace       used 91868K, committed 93120K, reserved 1179648K
  class space    used 9348K, committed 9856K, reserved 1048576K
GC Heap History (20 events):
Event: 1003.752 GC heap before
{Heap before GC invocations=2889 (full 72):
 PSYoungGen      total 4096K, used 3968K [0x00000000eab00000, 0x00000000eb100000, 0x0000000100000000)
  eden space 2560K, 100% used [0x00000000eab00000,0x00000000ead80000,0x00000000ead80000)
  from space 1536K, 91% used [0x00000000ead80000,0x00000000eaee0000,0x00000000eaf00000)
  to   space 1536K, 0% used [0x00000000eaf80000,0x00000000eaf80000,0x00000000eb100000)
 ParOldGen       total 177152K, used 166441K [0x00000000c0000000, 0x00000000cad00000, 0x00000000eab00000)
  object space 177152K, 93% used [0x00000000c0000000,0x00000000ca28a5b0,0x00000000cad00000)
 Metaspace       used 91860K, committed 93120K, reserved 1179648K
  class space    used 9348K, committed 9856K, reserved 1048576K
}
Event: 1003.756 GC heap after
{Heap after GC invocations=2889 (full 72):
 PSYoungGen      total 2048K, used 1536K [0x00000000eab00000, 0x00000000eb580000, 0x0000000100000000)
  eden space 512K, 0% used [0x00000000eab00000,0x00000000eab00000,0x00000000eab80000)
  from space 1536K, 100% used [0x00000000eaf80000,0x00000000eb100000,0x00000000eb100000)
  to   space 4096K, 0% used [0x00000000eab80000,0x00000000eab80000,0x00000000eaf80000)
 ParOldGen       total 177152K, used 168216K [0x00000000c0000000, 0x00000000cad00000, 0x00000000eab00000)
  object space 177152K, 94% used [0x00000000c0000000,0x00000000ca446010,0x00000000cad00000)
 Metaspace       used 91860K, committed 93120K, reserved 1179648K
  class space    used 9348K, committed 9856K, reserved 1048576K
}
Event: 1003.771 GC heap before
{Heap before GC invocations=2890 (full 72):
 PSYoungGen      total 2048K, used 2048K [0x00000000eab00000, 0x00000000eb580000, 0x0000000100000000)
  eden space 512K, 100% used [0x00000000eab00000,0x00000000eab80000,0x00000000eab80000)
  from space 1536K, 100% used [0x00000000eaf80000,0x00000000eb100000,0x00000000eb100000)
  to   space 4096K, 0% used [0x00000000eab80000,0x00000000eab80000,0x00000000eaf80000)
 ParOldGen       total 177152K, used 168216K [0x00000000c0000000, 0x00000000cad00000, 0x00000000eab00000)
  object space 177152K, 94% used [0x00000000c0000000,0x00000000ca446010,0x00000000cad00000)
 Metaspace       used 91860K, committed 93120K, reserved 1179648K
  class space    used 9348K, committed 9856K, reserved 1048576K
}
Event: 1003.775 GC heap after
{Heap after GC invocations=2890 (full 72):
 PSYoungGen      total 1024K, used 224K [0x00000000eab00000, 0x00000000eb000000, 0x0000000100000000)
  eden space 512K, 0% used [0x00000000eab00000,0x00000000eab00000,0x00000000eab80000)
  from space 512K, 43% used [0x00000000eab80000,0x00000000eabb8000,0x00000000eac00000)
  to   space 1536K, 0% used [0x00000000eae80000,0x00000000eae80000,0x00000000eb000000)
 ParOldGen       total 177152K, used 168846K [0x00000000c0000000, 0x00000000cad00000, 0x00000000eab00000)
  object space 177152K, 95% used [0x00000000c0000000,0x00000000ca4e3bb8,0x00000000cad00000)
 Metaspace       used 91860K, committed 93120K, reserved 1179648K
  class space    used 9348K, committed 9856K, reserved 1048576K
}
Event: 1003.787 GC heap before
{Heap before GC invocations=2891 (full 72):
 PSYoungGen      total 1024K, used 736K [0x00000000eab00000, 0x00000000eb000000, 0x0000000100000000)
  eden space 512K, 100% used [0x00000000eab00000,0x00000000eab80000,0x00000000eab80000)
  from space 512K, 43% used [0x00000000eab80000,0x00000000eabb8000,0x00000000eac00000)
  to   space 1536K, 0% used [0x00000000eae80000,0x00000000eae80000,0x00000000eb000000)
 ParOldGen       total 177152K, used 168846K [0x00000000c0000000, 0x00000000cad00000, 0x00000000eab00000)
  object space 177152K, 95% used [0x00000000c0000000,0x00000000ca4e3bb8,0x00000000cad00000)
 Metaspace       used 91860K, committed 93120K, reserved 1179648K
  class space    used 9348K, committed 9856K, reserved 1048576K
}
Event: 1003.790 GC heap after
{Heap after GC invocations=2891 (full 72):
 PSYoungGen      total 1536K, used 224K [0x00000000eab00000, 0x00000000eaf00000, 0x0000000100000000)
  eden space 1024K, 0% used [0x00000000eab00000,0x00000000eab00000,0x00000000eac00000)
  from space 512K, 43% used [0x00000000eae80000,0x00000000eaeb8000,0x00000000eaf00000)
  to   space 512K, 0% used [0x00000000eae00000,0x00000000eae00000,0x00000000eae80000)
 ParOldGen       total 177152K, used 169022K [0x00000000c0000000, 0x00000000cad00000, 0x00000000eab00000)
  object space 177152K, 95% used [0x00000000c0000000,0x00000000ca50fbb8,0x00000000cad00000)
 Metaspace       used 91860K, committed 93120K, reserved 1179648K
  class space    used 9348K, committed 9856K, reserved 1048576K
}
Event: 1003.798 GC heap before
{Heap before GC invocations=2892 (full 72):
 PSYoungGen      total 1536K, used 1248K [0x00000000eab00000, 0x00000000eaf00000, 0x0000000100000000)
  eden space 1024K, 100% used [0x00000000eab00000,0x00000000eac00000,0x00000000eac00000)
  from space 512K, 43% used [0x00000000eae80000,0x00000000eaeb8000,0x00000000eaf00000)
  to   space 512K, 0% used [0x00000000eae00000,0x00000000eae00000,0x00000000eae80000)
 ParOldGen       total 177152K, used 169022K [0x00000000c0000000, 0x00000000cad00000, 0x00000000eab00000)
  object space 177152K, 95% used [0x00000000c0000000,0x00000000ca50fbb8,0x00000000cad00000)
 Metaspace       used 91860K, committed 93120K, reserved 1179648K
  class space    used 9348K, committed 9856K, reserved 1048576K
}
Event: 1003.800 GC heap after
{Heap after GC invocations=2892 (full 72):
 PSYoungGen      total 2048K, used 480K [0x00000000eab00000, 0x00000000eaf00000, 0x0000000100000000)
  eden space 1536K, 0% used [0x00000000eab00000,0x00000000eab00000,0x00000000eac80000)
  from space 512K, 93% used [0x00000000eae00000,0x00000000eae78000,0x00000000eae80000)
  to   space 512K, 0% used [0x00000000eae80000,0x00000000eae80000,0x00000000eaf00000)
 ParOldGen       total 177152K, used 169204K [0x00000000c0000000, 0x00000000cad00000, 0x00000000eab00000)
  object space 177152K, 95% used [0x00000000c0000000,0x00000000ca53d198,0x00000000cad00000)
 Metaspace       used 91860K, committed 93120K, reserved 1179648K
  class space    used 9348K, committed 9856K, reserved 1048576K
}
Event: 1003.806 GC heap before
{Heap before GC invocations=2893 (full 72):
 PSYoungGen      total 2048K, used 2016K [0x00000000eab00000, 0x00000000eaf00000, 0x0000000100000000)
  eden space 1536K, 100% used [0x00000000eab00000,0x00000000eac80000,0x00000000eac80000)
  from space 512K, 93% used [0x00000000eae00000,0x00000000eae78000,0x00000000eae80000)
  to   space 512K, 0% used [0x00000000eae80000,0x00000000eae80000,0x00000000eaf00000)
 ParOldGen       total 177152K, used 169204K [0x00000000c0000000, 0x00000000cad00000, 0x00000000eab00000)
  object space 177152K, 95% used [0x00000000c0000000,0x00000000ca53d198,0x00000000cad00000)
 Metaspace       used 91860K, committed 93120K, reserved 1179648K
  class space    used 9348K, committed 9856K, reserved 1048576K
}
Event: 1003.810 GC heap after
{Heap after GC invocations=2893 (full 72):
 PSYoungGen      total 2560K, used 496K [0x00000000eab00000, 0x00000000eaf00000, 0x0000000100000000)
  eden space 2048K, 0% used [0x00000000eab00000,0x00000000eab00000,0x00000000ead00000)
  from space 512K, 96% used [0x00000000eae80000,0x00000000eaefc010,0x00000000eaf00000)
  to   space 1024K, 0% used [0x00000000ead00000,0x00000000ead00000,0x00000000eae00000)
 ParOldGen       total 177152K, used 169568K [0x00000000c0000000, 0x00000000cad00000, 0x00000000eab00000)
  object space 177152K, 95% used [0x00000000c0000000,0x00000000ca5983d0,0x00000000cad00000)
 Metaspace       used 91860K, committed 93120K, reserved 1179648K
  class space    used 9348K, committed 9856K, reserved 1048576K
}
Event: 1003.836 GC heap before
{Heap before GC invocations=2894 (full 72):
 PSYoungGen      total 2560K, used 2544K [0x00000000eab00000, 0x00000000eaf00000, 0x0000000100000000)
  eden space 2048K, 100% used [0x00000000eab00000,0x00000000ead00000,0x00000000ead00000)
  from space 512K, 96% used [0x00000000eae80000,0x00000000eaefc010,0x00000000eaf00000)
  to   space 1024K, 0% used [0x00000000ead00000,0x00000000ead00000,0x00000000eae00000)
 ParOldGen       total 177152K, used 169568K [0x00000000c0000000, 0x00000000cad00000, 0x00000000eab00000)
  object space 177152K, 95% used [0x00000000c0000000,0x00000000ca5983d0,0x00000000cad00000)
 Metaspace       used 91860K, committed 93120K, reserved 1179648K
  class space    used 9348K, committed 9856K, reserved 1048576K
}
Event: 1003.839 GC heap after
{Heap after GC invocations=2894 (full 72):
 PSYoungGen      total 3072K, used 795K [0x00000000eab00000, 0x00000000eaf80000, 0x0000000100000000)
  eden space 2048K, 0% used [0x00000000eab00000,0x00000000eab00000,0x00000000ead00000)
  from space 1024K, 77% used [0x00000000ead00000,0x00000000eadc6dd0,0x00000000eae00000)
  to   space 1024K, 0% used [0x00000000eae80000,0x00000000eae80000,0x00000000eaf80000)
 ParOldGen       total 177152K, used 170029K [0x00000000c0000000, 0x00000000cad00000, 0x00000000eab00000)
  object space 177152K, 95% used [0x00000000c0000000,0x00000000ca60b418,0x00000000cad00000)
 Metaspace       used 91860K, committed 93120K, reserved 1179648K
  class space    used 9348K, committed 9856K, reserved 1048576K
}
Event: 1003.918 GC heap before
{Heap before GC invocations=2895 (full 72):
 PSYoungGen      total 3072K, used 2761K [0x00000000eab00000, 0x00000000eaf80000, 0x0000000100000000)
  eden space 2048K, 95% used [0x00000000eab00000,0x00000000eaceb758,0x00000000ead00000)
  from space 1024K, 77% used [0x00000000ead00000,0x00000000eadc6dd0,0x00000000eae00000)
  to   space 1024K, 0% used [0x00000000eae80000,0x00000000eae80000,0x00000000eaf80000)
 ParOldGen       total 177152K, used 170029K [0x00000000c0000000, 0x00000000cad00000, 0x00000000eab00000)
  object space 177152K, 95% used [0x00000000c0000000,0x00000000ca60b418,0x00000000cad00000)
 Metaspace       used 91860K, committed 93120K, reserved 1179648K
  class space    used 9348K, committed 9856K, reserved 1048576K
}
Event: 1003.921 GC heap after
{Heap after GC invocations=2895 (full 72):
 PSYoungGen      total 3072K, used 288K [0x00000000eab00000, 0x00000000eaf00000, 0x0000000100000000)
  eden space 2560K, 0% used [0x00000000eab00000,0x00000000eab00000,0x00000000ead80000)
  from space 512K, 56% used [0x00000000eae80000,0x00000000eaec8000,0x00000000eaf00000)
  to   space 512K, 0% used [0x00000000eae00000,0x00000000eae00000,0x00000000eae80000)
 ParOldGen       total 177152K, used 170738K [0x00000000c0000000, 0x00000000cad00000, 0x00000000eab00000)
  object space 177152K, 96% used [0x00000000c0000000,0x00000000ca6bc9f8,0x00000000cad00000)
 Metaspace       used 91860K, committed 93120K, reserved 1179648K
  class space    used 9348K, committed 9856K, reserved 1048576K
}
Event: 1004.097 GC heap before
{Heap before GC invocations=2896 (full 72):
 PSYoungGen      total 3072K, used 2848K [0x00000000eab00000, 0x00000000eaf00000, 0x0000000100000000)
  eden space 2560K, 100% used [0x00000000eab00000,0x00000000ead80000,0x00000000ead80000)
  from space 512K, 56% used [0x00000000eae80000,0x00000000eaec8000,0x00000000eaf00000)
  to   space 512K, 0% used [0x00000000eae00000,0x00000000eae00000,0x00000000eae80000)
 ParOldGen       total 177152K, used 170738K [0x00000000c0000000, 0x00000000cad00000, 0x00000000eab00000)
  object space 177152K, 96% used [0x00000000c0000000,0x00000000ca6bc9f8,0x00000000cad00000)
 Metaspace       used 91860K, committed 93120K, reserved 1179648K
  class space    used 9348K, committed 9856K, reserved 1048576K
}
Event: 1004.101 GC heap after
{Heap after GC invocations=2896 (full 72):
 PSYoungGen      total 3072K, used 483K [0x00000000eab00000, 0x00000000eb280000, 0x0000000100000000)
  eden space 2560K, 0% used [0x00000000eab00000,0x00000000eab00000,0x00000000ead80000)
  from space 512K, 94% used [0x00000000eae00000,0x00000000eae78fd8,0x00000000eae80000)
  to   space 2560K, 0% used [0x00000000eb000000,0x00000000eb000000,0x00000000eb280000)
 ParOldGen       total 177152K, used 172062K [0x00000000c0000000, 0x00000000cad00000, 0x00000000eab00000)
  object space 177152K, 97% used [0x00000000c0000000,0x00000000ca8079c0,0x00000000cad00000)
 Metaspace       used 91860K, committed 93120K, reserved 1179648K
  class space    used 9348K, committed 9856K, reserved 1048576K
}
Event: 1004.120 GC heap before
{Heap before GC invocations=2897 (full 72):
 PSYoungGen      total 3072K, used 3043K [0x00000000eab00000, 0x00000000eb280000, 0x0000000100000000)
  eden space 2560K, 100% used [0x00000000eab00000,0x00000000ead80000,0x00000000ead80000)
  from space 512K, 94% used [0x00000000eae00000,0x00000000eae78fd8,0x00000000eae80000)
  to   space 2560K, 0% used [0x00000000eb000000,0x00000000eb000000,0x00000000eb280000)
 ParOldGen       total 177152K, used 172062K [0x00000000c0000000, 0x00000000cad00000, 0x00000000eab00000)
  object space 177152K, 97% used [0x00000000c0000000,0x00000000ca8079c0,0x00000000cad00000)
 Metaspace       used 91860K, committed 93120K, reserved 1179648K
  class space    used 9348K, committed 9856K, reserved 1048576K
}
Event: 1004.122 GC heap after
{Heap after GC invocations=2897 (full 72):
 PSYoungGen      total 3584K, used 704K [0x00000000eab00000, 0x00000000eb100000, 0x0000000100000000)
  eden space 2560K, 0% used [0x00000000eab00000,0x00000000eab00000,0x00000000ead80000)
  from space 1024K, 68% used [0x00000000eb000000,0x00000000eb0b0000,0x00000000eb100000)
  to   space 1536K, 0% used [0x00000000eae00000,0x00000000eae00000,0x00000000eaf80000)
 ParOldGen       total 177152K, used 172550K [0x00000000c0000000, 0x00000000cad00000, 0x00000000eab00000)
  object space 177152K, 97% used [0x00000000c0000000,0x00000000ca8819d0,0x00000000cad00000)
 Metaspace       used 91860K, committed 93120K, reserved 1179648K
  class space    used 9348K, committed 9856K, reserved 1048576K
}
Event: 1004.156 GC heap before
{Heap before GC invocations=2898 (full 72):
 PSYoungGen      total 3584K, used 3264K [0x00000000eab00000, 0x00000000eb100000, 0x0000000100000000)
  eden space 2560K, 100% used [0x00000000eab00000,0x00000000ead80000,0x00000000ead80000)
  from space 1024K, 68% used [0x00000000eb000000,0x00000000eb0b0000,0x00000000eb100000)
  to   space 1536K, 0% used [0x00000000eae00000,0x00000000eae00000,0x00000000eaf80000)
 ParOldGen       total 177152K, used 172550K [0x00000000c0000000, 0x00000000cad00000, 0x00000000eab00000)
  object space 177152K, 97% used [0x00000000c0000000,0x00000000ca8819d0,0x00000000cad00000)
 Metaspace       used 91868K, committed 93120K, reserved 1179648K
  class space    used 9348K, committed 9856K, reserved 1048576K
}
Event: 1004.160 GC heap after
{Heap after GC invocations=2898 (full 72):
 PSYoungGen      total 4096K, used 880K [0x00000000eab00000, 0x00000000eb080000, 0x0000000100000000)
  eden space 2560K, 0% used [0x00000000eab00000,0x00000000eab00000,0x00000000ead80000)
  from space 1536K, 57% used [0x00000000eae00000,0x00000000eaedc010,0x00000000eaf80000)
  to   space 1024K, 0% used [0x00000000eaf80000,0x00000000eaf80000,0x00000000eb080000)
 ParOldGen       total 177152K, used 173222K [0x00000000c0000000, 0x00000000cad00000, 0x00000000eab00000)
  object space 177152K, 97% used [0x00000000c0000000,0x00000000ca9299f0,0x00000000cad00000)
 Metaspace       used 91868K, committed 93120K, reserved 1179648K
  class space    used 9348K, committed 9856K, reserved 1048576K
}

